[   0000000] Initializing cgroup subsys cpust
[   00000]nitiaizg cgroup ubs cp
   0.000000] Initializing cgroup subsys cpuacct
[    0.000000] Linux version 4.4.0-38-generic (buildd@lgw01-58) (gcc version 5.4.0 20160609 (Ubuntu 5.4.0-6ubuntu1~16.04.2) ) #57-Ubuntu SMP Tue ep 15:4:33 UTC 2016 (Ubuntu 4.4.0-38.57-generic 4.4.19)
[    0.000000] Command line: BOOT_IMAGE=/boot/vmlinuz-4.4.0-3-gneic roo=LABL=cloudimg-rootfs ro console=tty1 console=ttyS0
[    0.000000] KERNEL supported cpus:
[   .00000  Inte GuineIntl[    00000]  D AuthetiMD
    0.000000]   Centaur CentaurHauls
[    0.000000] x86/fpu: xstate_offset[2]:  576, xstate_sizes[2]:  256
[    0.000000] x86/fpu: Supporting XSAVE feature 0x01: 'x87 floating point registers'
[    0.000000] x86/fpu: Supporting XSAVfeature 0x2: 'SEegisters'
[    0.000000] x86/fpu: Supporting XSAVE feature x0: 'AVX registers'
[   0.00000] x86/fpu: Enabled xstate features 0x7, context size is 832 bytes, using tadard fmat.
[    0.000000] x86/fpu: Using 'zy FPU coex switches.
[    0.00000] e82: IOS-prode physica RM ap
[    00000BIS-82 [mem0x00000000000x000000009fb] usable
[  .000000] BIOS-e8: mem 0x000000000009fc00-0x000000000009ffff]reerved[    00000] IOe820: [mem 0x000000000f0000-0x00000000000ff] reerd
[   00000]IOS-e82 [em 0x00000000001000-x000007fffff] sae
[  000000BIOSe820: [mem 0x000000007fff0000-0x0000000ffffff API at
[   .00000 BOS-e20 [emx0000000fc00000x000000c00ff]eservd[   000000BIS-82 [mem 0000000fee000-x000000fe0ff] rered
[   .000] BIS-820: [mem0x000000ff0000-0x00000000ffffffff] reserved
[    0.0000] NX(Ecute isle) pottion: active
  0.00000] BIOS2.preset.
[    0.000] Hypevir detecd:KVM
   0.000] e0: lat_n = x7f0 mx_ch_pn = x40000000
[    .00000] TRR: Disabled
[    .000000] x/PT: MRRdisabled spping PT itialzaon too.
[    0.000000] x86/PAT: Configuration [0-7]: WB  WT  C-C  WB  W UC- U  
[  .000000] CPU MTRRs all blank - virtualized system.
[    0.000000] found SMP MP-table at [mem 0x0009fff0-0x0009ffff] mapped at [ffff88000fff0][    0.000000] Scanning 1 areasfolow emy corruption
[    0.000000] RAMDISK: [mem 0x36fdc000-0x377e5fff]
[    0.000000] ACPI: Early table checksum verification disabled
[    0.000000] ACPI: RSDP 0x00000000000E0000 000024 (v02 VBOX  )
[    0.000000] ACPI: XSDT 0x000000007FFF0030 00003C (v01 VBOX   VBOXXSDT 00000001 ASL  000061)
   0.000000] ACPI: FACP 0x000000007FFF0F0000F (4 VBOX  VOXFAP 000001 ASL  0000006
[    0.0000] AI: DSD 0x0000007FF0470 00210F (v01 VBOX   BOXBIS 0000002 INTL 2010052
[    0.000000] ACPI: FACS 0x000000007FFF0200 000040
[    0.000000] ACP FACS 00000007FFF0200 000040
[    0.000000] ACPI: APIC 0x000000007FFF0240 00005C (v02 VBOX   VBOXAPIC 00000001 ASL  00000061)
[    0.000000] ACPI: SSDT 0x000000007FFF02A0 0001CC (v01 VBOX   VBOXCPUT 00000002 INTL 20100528)
[    0.000000] NNUMA configuration found
[    0.000000] Faking a node at [mem 0x0000000000000000-0x000000007ffeffff]
[    0.000000] NODE_DATA(0) allocated [mem 0x7ffeb000-0x7ffeffff]
[    0.000000] kvm-clock: Using msrs 4b564d01 and 4b564d00
[    0.000000] kvm-clock: cpu 0, msr 0:7ffe7001, primary cpu clock
[    0.000000] kvm-clock: using sched offset of 3357432683 cycles
[    0.000000] clocksource: kvm-clock: mask: 0xffffffffffffffff max_cycles: 0x1cd42e4dffb, max_idle_ns: 881590591483 ns
[    0.000000] Zone ranges:
[    0.000000]   DMA      [mem 0x0000000000001000-00000000000ffffff]
[    0.00000]   DMA32    [mem 0x0000000001000000-0x000000007ffeffff]
[    0.000000]   Normal   empty
[    0.000000]   Device  emty
[  0000000] Movable zone start for each node
[    0.000000] Early memory nod rges
  0.000000]   node   0: [mem 0x0000000000001000-0x000000000009efff]
[    0.000000]   node   0: [mem 0x0000000000100000-0x000000007ffeffff]
[    0.000000] Initmem setup node 0 [mem 0x0000000000001000-0x000000007ffeffff]
[    0.000000] ACPI: PM-Timer IO Port: 0x4008
[    0.000000] IOAPIC[0]: apic_id 2, version 32, address 0xfec00000, GSI 0-23
[    0.000000] ACPI: INT_SRC_OVR (bus 0 bus_irq 0 global_irq 2 dfl dfl)
[    0.000000] ACPI: INT_SRC_OVR (bus 0 bus_irq 9 global_irq 9 high level)
[    0.000000] Using ACPI (MADT) for SMP configuration information
[    0.000000] smpboot: Allowing 2 CPUs, 0 hotplug CPUs
[    0.000000] PM: Registered noavmemory: [mem 0x000000-00000f]
[    .0000]PMRegistre nosve mmory [m 0x00000-x09ffff]
[    0.000000] PM: Registered nosave memory: [mem 0x000a0000-0x000effff]
[    0.000000] PM: Registered nosave memory: [mem 0x000f0000-0x000fffff]
[    0.000000] e820: [mem 0x80000000-0xfebfffff] available for PCI devices
[    0.000000] Booting paravirtualized kernel on KVM
[    0.000000] clocksource: refined-jiffies: mask: 0xffffffff max_cycles: 0xffffffff, max_idle_ns: 7645519600211568 ns
[    0.000000] setup_percpu: NR_CPUS:256 nr_cpumask_bits:256 nr_cpu_ids:2 nr_node_ids:1
[    0.00000 PERCU:mbeded3 pagespu@ff8007c000 s9800r892 d289 u1085
[    0.000000] PV qspinloc hh tablenries:56(ord: , 4096 yt)
[  00000] uilt1 onelists n ode de, moily gropi on.  Total pages: 515961
[    0.000000] Policy zone: DMA32
[    0.000000] Kernel command line: BOOT_IMAGE=/boot/vmlinuz-4.4.0-38-generic root=LABEL=cloudimg-rootfs ro console=tty1 console=ttyS0
[    0.000000] PID hash table entries: 4096 (order: 3, 32768 bytes)
[    0.000000] Memory: 2036596K/2096696K available (8404K kernel code, 1283K rwdata, 3944K rodata, 48K it,1292K ss60100Krerved, 0K cma-reserved)
[   00000] SUB Halign64, Order=0-3, MinObjects=0, CPUs=2, Nodes=1
[    000000]Hierchical RCU implemntion.
[   0.00000] 	Buldime ajument f af fanout to 4.
[  0.00000] CU rstctin CUsfromNR_CUS256 tonrpu_ids=2.
[    0.000000] RCU: Adjusting geometry for rcu_fanouleaf=64, nr_cpu_ids=2
[    0.000000] NR_IRQS:16640 nr_irqs:440 16
[    0.000000] Console: colour VGA+ 80x25
[    0.000000] console [tty1] enabled
[    0.000000] console [ttyS0] enabled
[    0.000000] tsc: Detected 1199.999 MHz processor
[   10.634019] Calibrating delay loop (skipped) preset value.. 2399.99 BogoMIPS (lpj=4799996)
[   10.695635] pid_max: default: 32768 minimum: 301
[   10.788923] ACPI: Core revision 20150930
[   10.855695] ACPI: 2 ACPI AML tables successfully acquired and loaded
[   10.941034] Security Framework initialized
[   10.942180] Yama: becoming mindful.
[   10.943190] AppArmor: AppArmor initialized
[   10.999060] Dentry cache hash table entries: 262144 (order: 9, 2097152 bytes)
[   11.114233] Inode-cache hash table entries: 131072 (order: 8, 1048576 bytes)
[   11.202610] Mount-cache hash table entries: 4096 (order: 3, 32768 bytes)
[   11.307913] Mountpoint-cache hash table entries: 4096 (order: 3, 32768 bytes)
[   11.371159] Initializing cgroup subsys io
[   11.383751] Initializing cgroup subsys memory
[   11.385051] Initializing cgroup subsys devices
[   11.386610] Initializing cgroup subsys freezer
[   11.397383] Initializing cgroup subsys net_cls
[   11.451948] Initializing cgroup subsys perf_event
[   11.486704] Initializing cgroup subsys net_prio
[   11.569474] Initializing cgroup subsys hugetlb
[   11.594437] Initializing cgroup subsys pids
[   11.599627] CPU: Physical Processor ID: 0
[   11.651338] CPU: Processor Core ID: 0
[   11.712160] mce: CPU supports 0 MCE banks
[   11.743640] Last level iTLB entries: 4KB 64, 2MB 8, 4MB 8
[   11.745288] Last level dTLB entries: 4KB 64, 2MB 0, 4MB 0, 1GB 4
[   11.807558] Freeing SMP alternatives memory: 32K (ffffffff820b4000 - ffffffff820bc000)
[   11.950815] ftrace: allocating 32006 entries in 126 pages
[   12.041468] smpboot: Max logical packages: 1
[   12.125942] smpboot: APIC(0) Converting physical 0 to logical package 0
[   12.156537] x2apic enabled
[   12.181041] Switched APIC routing to physical x2apic.
[   12.211837] ..TIMER: vector=0x30 apic1=0 pin1=2 apic2=-1 pin2=-1
[  12.395492] smpboot: CPU0: Intel(R) Core(TM) M-5Y51 CPU @ 1.10GHz (family: 0x6, model: 0x3d, stepping: 0x4)
[   12.504990] Performance Events: unsupported p6 CPU model 61 no PMU driver, software events only.
[   12.533034] KVM setup paravirtual spinlock
[   12.611821] x86: Booting SMP configuration:
[   12.669588] .... node  #0, CPUs:      #1
[   12.729643] kvm-clock: cpu 1, msr 0:7ffe7041, secondary cpu clock
[   12.742939] mce: CPU supports 0 MCE banks
[   12.746074] x86: Booted up 1 node, 2 CPUs
[   12.784668] smpboot: Total of 2 processors activated (4799.99 BogoMIPS)
[   12.859381] devtmpfs: initialized
[   12.885968] evm: security.selinux
[   12.931007] evm: security.SMACK64
[   12.970761] evm: security.SMACK64EXEC
[   13.023545] evm: security.SMACK64TRANSMUTE
[   13.044218] evm: security.SMACK64MMAP
[   13.052031] evm: security.ima
[   13.087576] evm: security.capability
[   13.120414] clocksource: jiffies: mask: 0xffffffff max_cycles: 0xffffffff, max_idle_ns: 7645041785100000 ns
[   13.213018] pinctrl core: initialized pinctrl subsystem
[   13.243668] RTC time: 14:40:31, date: 11/09/16
[   13.287424] NET: Registered protocol family 16
[   13.324594] cpuidle: using governor ladder
[   13.368586] cpuidle: using governor menu
[   13.418538] PCCT header not found.
[   13.463709] ACPI: bus type PCI registered
[   13.516612] acpiphp: ACPI Hot Plug PCI Controller Driver version: 0.5
[   13.590196] PCI: Using configuration type 1 for base access
[   13.653979] ACPI: Added _OSI(Module Device)
[   13.684609] ACPI: Added _OSI(Processor Device)
[   13.731085] ACPI: Added _OSI(3.0 _SCP Extensions)
[   13.792762] ACPI: Added _OSI(Processor Aggregator Device)
[   13.856553] ACPI: Executed 1 blocks of module-level executable AML code
[   13.903485] ACPI: Interpreter enabled
[   13.941095] ACPI Exception: AE_NOT_FOUND, While evaluating Sleep State [\_S1_] (20150930/hwxface-580)
[   14.017790] ACPI Exception: AE_NOT_FOUND, While evaluating Sleep State [\_S2_] (20150930/hwxface-580)
[   14.081672] ACPI Exception: AE_NOT_FOUND, While evaluating Sleep State [\_S3_] (20150930/hwxface-580)
[   14.214133] ACPI Exception: AE_NOT_FOUND, While evaluating Sleep State [\_S4_] (20150930/hwxface-580)
[   14.311228] ACPI: (supports S0 S5)
[   14.312332] ACPI: Using IOAPIC for interrupt routing
[   14.395615] PCI: Using host bridge windows from ACPI; if necessary, use "pci=nocrs" and report a bug
[   14.514024] ACPI: PCI Root Bridge [PCI0] (domain 0000 [bus 00-ff])
[   14.600277] acpi PNP0A03:00: _OSC: OS supports [ASPM ClockPM Segments MSI]
[   14.691228] acpi PNP0A03:00: _OSC failed (AE_NOT_FOUND); disabling ASPM
[   14.761203] acpi PNP0A03:00: fail to add MMCONFIG information, can't access extended PCI configuration space under this bridge.
[   14.802855] PCI host bridge to bus 0000:00
[   14.805220] pci_bus 0000:00: root bus resource [io  0x0000-0x0cf7 window]
[   14.816805] pci_bus 0000:00: root bus resource [io  0x0d00-0xffff window]
[   14.868424] pci_bus 0000:00: root bus resource [mem 0x000a0000-0x000bffff window]
[   14.941019] pci_bus 0000:00: root bus resource [mem 0x80000000-0xffdfffff window]
[   15.024774] pci_bus 0000:00: root bus resource [bus 00-ff]
[   15.031749] pci 0000:00:01.1: legacy IDE quirk: reg 0x10: [io  0x01f0-0x01f7]
[   15.056288] pci 0000:00:01.1: legacy IDE quirk: reg 0x14: [io  0x03f6]
[   15.120401] pci 0000:00:01.1: legacy IDE quirk: reg 0x18: [io  0x0170-0x0177]
[   15.200399] pci 0000:00:01.1: legacy IDE quirk: reg 0x1c: [io  0x0376]
[   15.335338] pci 0000:00:07.0: quirk: [io  0x4000-0x403f] claimed by PIIX4 ACPI
[   15.411272] pci 0000:00:07.0: quirk: [io  0x4100-0x410f] claimed by PIIX4 SMB
[   15.503229] ACPI: PCI Interrupt Link [LNKA] (IRQs 5 9 10 *11)
[   15.535254] ACPI: PCI Interrupt Link [LNKB] (IRQs 5 9 10 *11)
[   15.549570] ACPI: PCI Interrupt Link [LNKC] (IRQs 5 9 *10 11)
[   15.615042] ACPI: PCI Interrupt Link [LNKD] (IRQs 5 *9 10 11)
[   15.672503] ACPI: Enabled 2 GPEs in block 00 to 07
[   15.736824] vgaarb: setting as boot device: PCI:0000:00:02.0
[   15.794677] vgaarb: device added: PCI:0000:00:02.0,decodes=io+mem,owns=io+mem,locks=none
[   15.886179] vgaarb: loaded
[   15.912312] vgaarb: bridge control possible 0000:00:02.0
[   15.914159] SCSI subsystem initialized
[   15.931873] ACPI: bus type USB registered
[   15.975906] usbcore: registered new interface driver usbfs
[   16.054950] usbcore: registered new interface driver hub
[   16.127422] usbcore: registered new device driver usb
[   16.181460] PCI: Using ACPI for IRQ routing
[   16.208355] NetLabel: Initializing
[   16.241580] NetLabel:  domain hash size = 128
[   16.287167] NetLabel:  protocols = UNLABELED CIPSOv4
[   16.342856] NetLabel:  unlabeled traffic allowed by default
[   16.400564] amd_nb: Cannot enumerate AMD northbridges
[   16.452752] clocksource: Switched to clocksource kvm-clock
[   16.519090] AppArmor: AppArmor Filesystem Enabled
[  1.52210 pp:PnAC iit[  19392] pnp: PnP ACPI: found 3 devices

[   17.329457] clocksource: acpi_pm: mask: 0xffffff max_cycles: 0xffffff, max_idle_ns: 2085701024 ns
[   17.456972] NET: Registered protocol family 2
[   17.489699] TCP established hash table entries: 16384 (order: 5, 131072 bytes)
[   17.517465] TCP bind hash table entries: 16384 (order: 6, 262144 bytes)
[   17.539272] TCP: Hash tables configured (established 16384 bind 16384)
[   17.552169] UDP hash table entries: 1024 (order: 3, 32768 bytes)
[   17.569996] UDP-Lite hash table entries: 1024 (order: 3, 32768 bytes)
[   17.585694] NET: Registered protocol family 1
[   17.591602] pci 0000:00:00.0: Limiting direct PCI/PCI transfers
[   17.621884] pci 0000:00:01.0: Activating ISA DMA hang workarounds
[   17.639127] Trying to unpack rootfs image as initramfs...
[   20.231286] Freeing initrd memory: 8232K (ffff880036fdc000 - ffff8800377e6000)
[   20.281785] RAPL PMU detected, API unit is 2^-32 Joules, 4 fixed counters 10737418240 ms ovfl timer
[   20.339941] hw unit of domain pp0-core 2^-0 Joules
[   20.356374] hw unit of domain package 2^-0 Joules
[   20.380961] hw unit of domain dram 2^-0 Joules
[   20.428458] hw unit of domain pp1-gpu 2^-0 Joules
[   20.457950] platform rtc_cmos: registered platform RTC device (no PNP device found)
[   20.472250] Scanning for low memrycorutin every 0 cos
[   20.822888] futex hash table entries: 512 (order: 3, 32768 bytes)
[   20.880233] audit: initializing netlink subsys (disabled)
[   20.961008] audit: type=2000 audit(1478702428.283:1): initialized
[   20.978128] Initialise system trusted keyring
[   20.989775] HugeTLB registered 2 MB page size, pre-allocated 0 pages
[   21.012807] zbud: loaded
[   21.017031] VFS: Disk quotas dquot_6.6.0
[   21.021939] VFS: Dquot-cache hash table entries: 512 (order 0, 4096 bytes)
[   21.039338] squashfs: version 4.0 (2009/01/31) Phillip Lougher
[   21.056919] fuse init (API version 7.23)
[   21.084203] Key type big_key registered
[   21.127616] Allocating IMA MOK and blacklist keyrings.
[   21.165329] Key type asymmetric registered
[   21.220649] Asymmetric key parser 'x509' registered
[   21.249094] Block layer SCSI generic (bsg) driver version 0.4 loaded (major 249)
[   21.251757] io scheduler noop registered
[   21.252946] io scheduler deadline registered (default)
[   21.255463] io scheduler cfq registered
[   21.291408] pci_hotplug: PCI Hot Plug PCI Core version: 0.5
[   21.307184] pciehp: PCI Express Hot Plug Controller Driver version: 0.4
[   21.309595] ACPI: AC Adapter [AC] (off-line)
[   21.325666] input: Power Button as /devices/LNXSYSTM:00/LNXPWRBN:00/input/input0
[   21.351311] ACPI: Power Button [PWRF]
[   21.354865] input: Sleep Button as /devices/LNXSYSTM:00/LNXSLPBN:00/input/input1
[   21.358461] ACPI: Sleep Button [SLPF]
[   21.363337] GHES: HEST is not enabled!
[   21.366057] ACPI: Battery Slot [BAT0] (battery present)
[   21.390081] Serial: 8250/16550 driver, 32 ports, IRQ sharing enabled
[   21.423368] 00:02: ttyS0 at I/O 0x3f8 (irq = 4, base_baud = 115200) is a 16550A
[   21.455183] Linux agpgart interface v0.103
[   21.456858] tsc: Refined TSC clocksource calibration: 1200.256 MHz
[   21.456861] clocksource: tsc: mask: 0xffffffffffffffff max_cycles: 0x114d0d916b1, max_idle_ns: 440795228301 ns
[   21.483168] brd: module loaded
[   21.489571] loop: module loaded
[   21.502367] scsi host0: ata_piix
[   21.505838] scsi host1: ata_piix
[   21.510197] ata1: PATA max UDMA/33 cmd 0x1f0 ctl 0x3f6 bmdma 0xd000 irq 14
[   21.527168] ata2: PATA max UDMA/33 cmd 0x170 ctl 0x376 bmdma 0xd008 irq 15
[   21.529227] libphy: Fixed MDIO Bus: probed
[   21.551697] tun: Universal TUN/TAP device driver, 1.6
[   21.553109] tun: (C) 1999-2004 Max Krasnyansky <maxk@qualcomm.com>
[   21.615135] PPP generic driver version 2.4.2
[   21.627429] ehci_hcd: USB 2.0 'Enhanced' Host Controller (EHCI) Driver
[   21.629073] ehci-pci: EHCI PCI platform driver
[   21.638769] ehci-platform: EHCI generic platform driver
[   21.642536] ohci_hcd: USB 1.1 'Open' Host Controller (OHCI) Driver
[   21.644310] ohci-pci: OHCI PCI platform driver
[   21.647045] ohci-platform: OHCI generic platform driver
[   21.680858] uhci_hcd: USB Universal Host Controller Interface driver
[   21.684462] i8042: PNP: PS/2 Controller [PNP0303:PS2K,PNP0f03:PS2M] at 0x60,0x64 irq 1,12
[   21.709812] serio: i8042 KBD port at 0x60,0x64 irq 1
[   21.734011] serio: i8042 AUX port at 0x60,0x64 irq 12
[   21.737965] mousedev: PS/2 mouse device common for all mice
[   21.749755] rtc_cmos rtc_cmos: rtc core: registered rtc_cmos as rtc0
[   21.778103] rtc_cmos rtc_cmos: alarms up to one day, 114 bytes nvram
[   21.799987] input: AT Translated Set 2 keyboard as /devices/platform/i8042/serio0/input/input2
[   21.899470] i2c /dev entries driver
[   21.921818] device-mapper: uevent: version 1.0.3
[   21.923236] device-mapper: ioctl: 4.34.0-ioctl (2015-10-28) initialised: dm-devel@redhat.com
[   21.925575] ledtrig-cpu: registered to indicate activity on CPUs
[   21.942410] NET: Registered protocol family 10
[   22.005595] NET: Registered protocol family 17
[   22.070137] Key type dns_resolver registered
[   22.076947] microcode: CPU0 sig=0x306d4, pf=0x40, revision=0x0
[   22.078609] microcode: CPU1 sig=0x306d4, pf=0x40, revision=0x0
[   22.080680] microcode: Microcode Update Driver: v2.01 <tigran@aivazian.fsnet.co.uk>, Peter Oruba
[   22.083470] registered taskstats version 1
[   22.090515] oading omle-i X50 certificates
[ 22.370734] Loaded X.509 cert 'Build time autogenerated kernel key: 8b9fe5db9540517005e475afed63f7a6645227d6'
[   22.522414] zswap: loaded using pool lzo/zbud
[   22.548115] Key type trusted registered
[   22.597781] Key type encrypted registered
[   22.611864] AppArmor: AppArmor sha1 policy hashing enabled
[   22.614642] ima: No TPM chip found, activating TPM-bypass!
[   22.623114] evm: HMAC attrs: 0x1
[   22.627593]   Magic number: 8:324:687
[   22.628935] rtc_cmos rtc_cmos: setting system clock to 2016-11-09 14:40:40 UTC (1478702440)
[   22.646293] BIOS EDD facility v0.16 2004-Jun-25, 0 devices found
[   2.1018] EDD information not available.
 [   22.793739] Freeing unused kernel memory: 1480K (ffffffff81f42000 - ffffffff820b4000)
[   22.911572] Write protecting the kernel read-only data: 14336k
[   22.994924] Freeing unused kernel memory: 1824K (ffff880001838000 - ffff880001a00000)
[   23.010884] Freeing unused kernel memory: 152K (ffff880001dda000 - ffff880001e00000)
Loading, please [   23.120874] random: systemd-udevd: uninitialized urandom read (16 bytes read, 7 bits of entropy available)
wait...
startin[   23.121981] random: udevadm: uninitialized urandom read (16 bytes read, 7 bits of entropy available)
g version 229
[   23.122021] random: udevadm: uninitialized urandom read (16 bytes read, 7 bits of entropy available)
[   23.122141] random: udevadm: uninitialized urandom read (16 bytes read, 7 bits of entropy available)
[   23.122183] random: udevadm: uninitialized urandom read (16 bytes read, 7 bits of entropy available)
[   23.122224] random: udevadm: uninitialized urandom read (16 bytes read, 7 bits of entropy available)
[   23.122266] random: udevadm: uninitialized urandom read (16 bytes read, 7 bits of entropy available)
[   23.122396] random: udevadm: uninitialized urandom read (16 bytes read, 7 bits of entropy available)
[   23.122559] random: udevadm: uninitialized urandom read (16 bytes read, 7 bits of entropy available)
[   23.122610] random: udevadm: uninitialized urandom read (16 bytes read, 7 bits of entropy available)
[   23.652696] Fusion MPT base driver 3.04.20
[   23.697987] Copyright (c) 1999-2008 LSI Corporation
[   23.721785] e1000: Intel(R) PRO/1000 Network Driver - version 7.3.21-k8-NAPI
[   23.723776] e1000: Copyright (c) 1999-2006 Intel Corporation.
[   23.741187] Fusion MPT SPI Host driver 3.04.20
[   23.773472] AVX version of gcm_enc/dec engaged.
[   23.804838] AES CTR mode by8 optimization enabled
[   23.969264] input: ImExPS/2 Generic Explorer Mouse as /devices/platform/i8042/serio1/input/input4
[   24.203341] e1000 0000:00:03.0 eth0: (PCI:33MHz:32-bit) 02:d2:b3:13:c7:a7
[   24.599399] e1000 0000:00:03.0 eth0: Intel(R) PRO/1000 Network Connection
[   24.632712] mptbase: ioc0: Initiating bringup
[   25.529360] ioc0: LSI53C1030 A0: Capabilities={Initiator}
[   27.290626] floppy0: no floppy controllers found
[   27.461869] work still pending
[   27.487202] scsi host2: ioc0: LSI53C1030 A0, FwRev=00000000h, Ports=1, MaxQ=256, IRQ=20
[   28.420729] scsi 2:0:0:0: Direct-Access     VBOX     HARDDISK         1.0  PQ: 0 ANSI: 5
[   28.529423] scsi target2:0:0: Beginning Domain Validation
[   28.672555] scsi target2:0:0: Domain Validation skipping write tests
[   28.728753] scsi target2:0:0: Ending Domain Validation
[   28.732130] scsi target2:0:0: asynchronous
[   28.751495] scsi 2:0:1:0: Direct-Access     VBOX     HARDDISK         1.0  PQ: 0 ANSI: 5
[   28.761351] scsi target2:0:1: Beginning Domain Validation
[   28.836457] scsi target2:0:1: Domain Validation skipping write tests
[   28.841220] scsi target2:0:1: Ending Domain Validation
[   28.843334] scsi target2:0:1: asynchronous
[   29.041069] sd 2:0:0:0: Attached scsi generic sg0 type 0
[   29.044110] sd 2:0:1:0: Attached scsi generic sg1 type 0
[   29.045987] sd 2:0:0:0: [sda] 20971520 512-byte logical blocks: (10.7 GB/10.0 GiB)
[   29.051976] sd 2:0:0:0: [sda] Write Protect is off
[   29.052146] sd 2:0:0:0: [sda] Incomplete mode parameter data
[   29.052148] sd 2:0:0:0: [sda] Assuming drive cache: write through
[   29.103817] sd 2:0:1:0: [sdb] 20480 512-byte logical blocks: (10.5 MB/10.0 MiB)
[   29.113686] sd 2:0:1:0: [sdb] Write Protect is off
[   29.122583] sd 2:0:1:0: [sdb] Incomplete mode parameter data
[   29.129207] sd 2:0:1:0: [sdb] Assuming drive cache: write through
[   29.132386]  sda: sda1
[   29.142901] sd 2:0:0:0: [sda] Attached SCSI disk
[   29.153382] sd 2:0:1:0: [sdb] Attached SCSI disk
[   29.223556] e1000 0000:00:08.0 eth1: (PCI:33MHz:32-bit) 08:00:27:95:8f:83
[   29.258127] e1000 0000:00:08.0 eth1: Intel(R) PRO/1000 Network Connection
[   29.267761] e1000 0000:00:03.0 enp0s3: renamed from eth0
[   29.281412] e1000 0000:00:08.0 enp0s8: renamed from eth1
Begin: Loading e[   30.739934] md: linear personality registered for level -1
ssential drivers ... [   30.769113] md: multipath personality registered for level -4
[   30.857526] md: raid0 personality registered for level 0
[   30.946417] md: raid1 personality registered for level 1
[   31.081301] raid6: sse2x1   gen()  7848 MB/s
[   31.200995] raid6: sse2x1   xor()  5591 MB/s
[   31.316866] raid6: sse2x2   gen()  9660 MB/s
[   31.424767] raid6: sse2x2   xor()  6333 MB/s
[   31.568878] raid6: sse2x4   gen()  8578 MB/s
[   31.685317] raid6: sse2x4   xor()  7023 MB/s
[   31.717828] raid6: using algorithm sse2x2 gen() 9660 MB/s
[   31.804436] raid6: .... xor() 6333 MB/s, rmw enabled
[   31.885867] raid6: using ssse3x2 recovery algorithm
[   31.961970] xor: automatically using best checksumming function:
[   32.027444]    avx       : 40542.000 MB/sec
[   32.073472] async_tx: api initialized (async)
[   32.140109] md: raid6 personality registered for level 6
[   32.171606] md: raid5 personality registered for level 5
[   32.231120] md: raid4 personality registered for level 4
[   32.281766] md: raid10 personality registered for level 10
done.
Begin: Running /scripts/init-premount ... done.
Begin: Mounti[   32.382095] Btrfs loaded
ng root file system ... Begin: Running /scripts/local-top ... done.
Begin: Runn[   32.484632] EXT4-fs (sda1): mounted filesystem with ordered data mode. Opts: (null)
ing /scripts/local-premount ... Scanning for Btrfs filesystems
done.
Warning: fsck not present, so skipping root file system
done.
Begin: Running /scripts/local-bottom ... done.
Begin: Running /scripts/init-bottom ... Warning: overlayroot: debug is busted
done.
[   32.972] ysem1]: systemd 229 runningn system mode. (+PAM +AUDIT +SELINUX +IMA +APPARMOR +SMACK +SYSVINIT +UTMP +IBRYTSUPGCYP+GUTLS +ACL +XZ -LZ +ECMPBLD +ELFUTILS +KMOD -IDN)

[   33.819595] systemd[1]: Detected virtualization oracle.
[   33.870932] systemd[1]: Detected architecture x86-64.

Welcome to [1mUbuntu 16.04.1 LTS[0m!

[ 33.918] std[1] St osname to <ubuntu>.

[   34.335095] systemd[1]: Initializing machine ID from random generator.
[   34.354016] systemd[1]: Installed transient /etc/machine-id file.
[   34.588487] systemd[1]: Listening on LVM2 metadata daemon socket.
[[0;32m  OK  [0m] Listening on LVM2 metadata daemon socket.
[   34.622331] systemd[1]: Reached target Swap.
[[0;32m  OK  [0m] Reached target Swap.
[   4.3444 sted[]:isni on Journal Socket (/dev/log).

[[0;32m  OK  [0m] Listening on Journal Socket (/dev/log).
[   35.176187] systemd[1]: Created slice System ic. [[0;32m  OK  [0m] Created slice System Slice.
[   5.399376] systemd[]: Created slice system-serial\x2dgetty.slice.
[[0;32m  OK  [0m] Created slice system-serial\x2dgetty.slice.
[   35.881] system[1]: Listening on Sysl Socket.
[[0;32m  OK  [0m] Listening on Syslog Socket.
[ 360371] std[]: eahe target ncptd Volumes
  6.34519] random: nonblocking pooisniiazed

[[0;32m  OK  [0m] Reached target Encrypted Volumes.
[   37.0535]systemd[1]: Listening on /dev/initctl Compatibiit NedPip.
[[0;32m  OK  [0m] Listening on /dev/initctl Compatibility Named Pipe.
[   37.481489] systemd[1]: Created slice User and Session Slice.
[[0;32m  OK  [0m] Created slice User and Session Slice.
[   37.535928] systemd[1]: Reached target User and Group Name Lookups.
[[0;32m  OK  [0m] Reached target User and Group Name Lookups.
[ 373839syem1]Rehetaetlis.
[[0;32m  OK  [0m] Reached target Slices.
[   38.364171] systemd[1]: Listening on Journal Audit Socket.
[[0;32m  OK  [0m] Listening on Journal Audit Socket.
[  38.40536sytemd[1: Set up utmount ArbitraryExecutabe il Fma Fe ystem Autou Pnt

[[0;32m  OK  [0m] Set up automount Arbitrary Executab...ats File System Automount Point.
[   39.413] systemd[1]: Listening on udev Kernel Socket.

[[0;32m  OK  [0m] Listening on udev Kernel Socket.
[   39.697152] systemd[1]: Listening on Device-mapper event daemon FIFOs.
[[0;32m  OK  [0m] Listening on Device-mapper event daemon FIFOs.
[   39.723540] systemd[1]: Listening on udev Control Socket.
[[0;32m  OK  [0m] Listening on udev Control Socket.
[   39.732347] systemd[1]: Listening on LVM2 poll daemon socket.
[[0;32m  OK  [0m] Listening on LVM2 poll daemon socket.
[   39.75468] systemd[1]: Started Forward Passwor Requests to Wall Directory Watch.

[[0;32m  OK  [0m] Started Forward Password Requests to Wall Directory Watch.
[   39.981196] systemd[1]: Listening on Journal Socket.
[[0;32m  OK  [0m] Listening on Journal Socket.
[   40.017666] systemd[1]: Starting Journal Service...
         Starting Journal Service...
[   40.049999] systemd[1]: Starting Load Kernel Modules...
         Starting Load Ke[   40.073232] Loading iSCSI transport class v2.0-870.
rnel Modules...
[   40.133602] systemd[1]: Starting Nameserver information manager...
         Starting Nameserver information manager...
[   40.147073] systemd[1]: Mounting POSIX Message Queue File System...
[   40.147868] iscsi: registered transport (tcp)
         Mounting POSIX Message Queue File System...
[   40.197233] systemd[1]: Starting Uncomplicated firewall...
         [   40.205999] iscsi: registered transport (iser)
Starting Uncomplicated firewall...
[   40.269063] systemd[1]: Starting Create list of required static device nodes for the current kernel...
         Starting Create list of required st... nodes for the current kernel...
[   40.405692] systemd[1]: Mounting Debug File System...
         Mounting Debug File System...
[   40.493103] systemd[1]: Starting Remount Root and Kernel File Systems...
         [   40.561998] EXT4-fs (sda1): re-mounted. Opts: (null)
Starting Remount Root and Kernel File Systems...
[   40.669459] systemd[1]: Starting Monitoring of LVM2 mirrors, snapshots etc. using dmeventd or progress polling...
         Starting Monitoring of LVM2 mirrors... dmeventd or progress polling...
[   40.813476] systemd[1]: Starting Set console keymap...
         Starting Set console keymap...
[   40.937295] systemd[1]: Mounting Huge Pages File System...
         Mounting Huge Pages File System...
[   41.047642] systemd[1]: Mounted Huge Pages File System.
[[0;32m  OK  [0m] Mounted Huge Pages File System.
[   41.153843] systemd[1]: Mounted POSIX Message Queue File System.
[[0;32m  OK  [0m] Mounted POSIX Message Queue File System.
[   41.201182] systemd[1]: Mounted Debug File System.
[[0;32m  OK  [0m] Mounted Debug File System.
[   41.213671] systemd[1]: Started Journal Service.
[[0;32m  OK  [0m] Started Journal Service.
[[0;32m  OK  [0m] Started Load Kernel Modules.
[[0;32m  OK  [0m] Started Uncomplicated firewall.
[[0;32m  OK  [0m] Started Create list of required sta...ce nodes for the current kernel.
[[0;32m  OK  [0m] Started Remount Root and Kernel File Systems.
[[0;32m  OK  [0m] Started Set console keymap.
[[0;32m  OK  [0m] Started Nameserver information manager.
[[0;32m  OK  [0m] Started LVM2 metadata daemon.
         Starting udev Coldplug all Devices...
         Starting Load/Save Random Seed...
         Starting Create Static Device Nodes in /dev...
         Starting Apply Kernel Variables...
         Mounting FUSE Control File System...
         Starting Flush Journal to Persistent Storage...
[[0;32m  OK  [0m] Mounted FUSE Control File System.
[[0;32m  OK  [0m] Started Load/Save Random Seed.
[[0;32m  OK  [0m] Started Create Static Device Nodes in /dev.
[[0;32m  OK  [0m] Started Monitoring of LVM2 mirrors,...ng dmeventd or progress polling.
[[0;32m  OK  [0m] Started Apply Kernel Variables.
[[0;32m  OK  [0m] Started udev Coldplug all Devices.
[[0;32m  OK  [0m] Started Flush Journal to Persistent Storage.
         Starting udev Kernel Device Manager...
[[0;32m  OK  [0m] Started udev Kernel Device Manager.
[[0;32m  OK  [0m] Started Dispatch Password Requests to Console Directory Watch.
[[0;32m  OK  [0m] Reached target Local File Systems (Pre).
[[0;32m  OK  [0m] Reached target Local File Systems.
         Starting Set console font and keymap...
         Starting Create Volatile Files and Directories...
         Starting Tell Plymouth To Write Out Runtime Data...
         Starting Run snappy firstboot setup...
         Starting Commit a transient machine-id on disk...
         Starting LSB: AppArmor initialization...
         Starting Initial cloud-init job (pre-networking)...
[[0;32m  OK  [0m] Started Set console font and keymap.
[[0;32m  OK  [0m] Started Create Volatile Files and Directories.
[[0;32m  OK  [0m] Started Tell Plymouth To Write Out Runtime Data.
[[0;32m  OK  [0m] Started Run snappy firstboot setup.
[[0;32m  OK  [0m] Started Commit a transient machine-id on disk.
[[0;32m  OK  [0m] Found device /dev/ttyS0.
[[0;32m  OK  [0m] Listening on Load/Save RF Kill Switch Status /dev/rfkill Watch.
         Starting Update UTMP about System Boot/Shutdown...
[[0;32m  OK  [0m] Reached target System Time Synchronized.
[[0;32m  OK  [0m] Created slice system-getty.slice.
[[0;32m  OK  [0m] Started Update UTMP about System Boot/Shutdown.
[[0;32m  OK  [0m] Started LSB: AppArmor initialization.
[[0;32m  OK  [0m] Reached target System Initialization.
[[0;32m  OK  [0m] Listening on UUID daemon activation socket.
[[0;32m  OK  [0m] Started ACPI Events Check.
[[0;32m  OK  [0m] Listening on D-Bus System Message Bus Socket.
[[0;32m  OK  [0m] Listening on ACPID Listen Socket.
         Starting Socket activation for snappy daemon.
[[0;32m  OK  [0m] Started Daily apt activities.
[[0;32m  OK  [0m] Started Daily Cleanup of Temporary Directories.
[[0;32m  OK  [0m] Started Trigger resolvconf update for networkd DNS.
[[0;32m  OK  [0m] Reached target Paths.
[[0;32m  OK  [0m] Started Timer to automatically refresh installed snaps.
[[0;32m  OK  [0m] Reached target Timers.
         Starting LXD - unix socket.
[[0;32m  OK  [0m] Listening on Socket activation for snappy daemon.
[[0;32m  OK  [0m] Listening on LXD - unix socket.
[[0;32m  OK  [0m] Reached target Sockets.
[[0;32m  OK  [0m] Reached target Basic System.
[[0;32m  OK  [0m] Started Regular background program processing daemon.
         Starting LXD - container startup/shutdown...
[[0;32m  OK  [0m] Started D-Bus System Message Bus.
[   31.064004] cloud-init[718]: Cloud-init v. 0.7.8 running 'init-local' at Wed, 09 Nov 2016 14:41:04 +0000. Up 30.59 seconds.
         Starting LSB: MD monitoring daemon...
         Starting Login Service...
[[0;32m  OK  [0m] Started Snappy daemon.
[[0;32m  OK  [0m] Started Deferred execution scheduler.
         Starting System Logging Service...
         Starting LSB: Record successful boot for GRUB...
[[0;32m  OK  [0m] Started ACPI event daemon.
[[0;32m  OK  [0m] Started FUSE filesystem for LXC.
         Starting Accounts Service...
[[0;32m  OK  [0m] Started System Logging Service.
[[0;32m  OK  [0m] Started Login Service.
[[0;32m  OK  [0m] Started LSB: Record successful boot for GRUB.
[[0;32m  OK  [0m] Started LSB: MD monitoring daemon.
         Starting Authenticate and Authorize Users to Run Privileged Tasks...
[[0;32m  OK  [0m] Started Authenticate and Authorize Users to Run Privileged Tasks.
[[0;32m  OK  [0m] Started Initial cloud-init job (pre-networking).
[[0;32m  OK  [0m] Started Accounts Service.
[[0;32m  OK  [0m] Reached target Network (Pre).
         Starting Raise network interfaces...
[[0;32m  OK  [0m] Started Raise network interfaces.
[[0;32m  OK  [0m] Reached target Network.
         Starting Initial cloud-init job (metadata service crawler)...
[[0;1;31mFAILED[0m] Failed to start LXD - container startup/shutdown.
See 'systemctl status lxd-containers.service' for details.
[   63.453591] cloud-init[1018]: Cloud-init v. 0.7.8 running 'init' at Wed, 09 Nov 2016 14:41:06 +0000. Up 32.45 seconds.
[   63.458117] cloud-init[1018]: ci-info: ++++++++++++++++++++++++++++++++++++++Net device info++++++++++++++++++++++++++++++++++++++
[   63.473171] cloud-init[1018]: ci-info: +--------+-------+----------------------------+---------------+-------+-------------------+
[   63.497403] cloud-init[1018]: ci-info: | Device |   Up  |          Address           |      Mask     | Scope |     Hw-Address    |
[   63.518174] cloud-init[1018]: ci-info: +--------+-------+----------------------------+---------------+-------+-------------------+
[   63.543257] [[0;32m  OK  [0m] Started Initial cloud-init job (metadata service crawler).
[[0;32m  OK  [0m] Reached target Cloud-config availability.
[[0;32m  OK  [0m] Reached target Network is Online.
cloud-init[1018]: ci-info: | enp0s8 | False |             .              |       .       |   .   | 08:00:27:95:8f:83 |
[   63.590067] cloud-init[1018]: ci-info: |   lo   |  True |         127.0.0.1          |   255.0.0.0   |   .   |         .         |
[   63.590624] cloud-init[1018]: ci-info: |   lo   |  True |          ::1/128           |       .       |  host |         .         |
         Starting Pollinate to seed the pseudo random number generator...
[   63.591071] cloud-init[1018]: ci-info: | enp0s3 |  True |         10.0.2.15          | 255.255.255.0 |   .   | 02:d2:b3:13:c7:a7 |
[   63.655634] cloud-init[1018]: ci-info: | enp0s3 |  True | fe80::d2:b3ff:fe13:c7a7/64 |       .       |  link | 02:d2:b3:13:c7:a7 |
[   63.760523] cloud-init[1018]: ci-info: +--------+-------+----------------------------+---------------+-------+-------------------+
[   63.761445] cloud-init[1018]: ci-info: +++++++++++++++++++++++++++Route IPv4 info++++++++++++++++++++++++++++
         Starting iSCSI initiator daemon (iscsid)...
[   63.761984] cloud-init[1018]: ci-info: +-------+-------------+----------+---------------+-----------+-------+
         [   64.052856] Starting Apply the settings specified in cloud-config...cloud-init
[1018]: ci-info: | Route | Destination | Gateway  |    Genmask    | Interface | Flags |
[   64.111105] cloud-init[1018]: ci-info: +-------+-------------+----------+---------------+-----------+-------+
[   64.112706] cloud-init[1018]: ci-info: |   0   |   0.0.0.0   | 10.0.2.2 |    0.0.0.0    |   enp0s3  |   UG  |
[   64.113597] cloud-init[1018]: ci-info: |   1   |   10.0.2.0  | 0.0.0.0  | 255.255.255.0 |   enp0s3  |   U   |
         Starting /etc/rc.local Compatibility...
[   64.113685] cloud-init[1018]: ci-info: +-------+-------------+----------+---------------+-----------+-------+
[   64.343740] cloud-init[1018]: Generating public/private rsa key pair.
[   64.344739] cloud-init[1018]: Your identification has been saved in /etc/ssh/ssh_host_rsa_key.
[[0;32m  OK  [0m] Started /etc/rc.local Compatibility.
[[   64.345304] cloud-init[1018]: Your public key has been saved in /etc/ssh/ssh_host_rsa_key.pub.
[   64.414242] cloud-init[1018]: The key fingerprint is:
[0;32m  OK  [0m] Started iSCSI initiator daemon (iscsid).
[   64.414513] cloud-init[1018]: SHA256:2DOoTq4R8OOhHOefr7I1nBgcR+E+qHdw7EsxT9K+7QE root@ubuntu-xenial
[   64.488938] cloud-init[1018]: The key's randomart image is:
[   64.504667] cloud-init[1018]: +---[RSA 2048]----+
[   64.524731] cloud-init[1018]: |     o.          |
[   64.580610] cloud-init[1018]: |    o            |
[   64.580967] cloud-init[1018]: |.  . o           |
         Starting Login to default iSCSI targets...
[   64.582878] cloud-init[1018]: | o. * .+         |
[   64.712397] cloud-init[1018]: | .=* OoES        |
[   64.734704] cloud-init[1018]: |.o=+B.X .o       |
[   64.756739] cloud-init[1018]: |.oo+oO o .       |
[   64.776765] cloud-init[1018]: |  .*= + o .      |
[   64.784130] cloud-init[1018]: |  .o==oo.o       |
[   64.791742] cloud-init[1018]: +----[SHA256]-----+
[[0;32m  OK  [0m] Started Login to default iSCSI targets.
[[0;32m  OK  [0m] Reached target Remote File Systems (Pre).
[[0;32m  OK  [0m] Reached target Remote File Systems.
[   64.815226] cloud-init[1018]: Generating public/private dsa key pair.
[   64.837587] cloud-init[1018]: Your identification has been saved in /etc/ssh/ssh_host_dsa_key.
[   64.855123] cloud-init[1018]: Your public key has been saved in /etc/ssh/ssh_host_dsa_key.pub.
         Starting LSB: Set the CPU Frequency Scaling governor to "ondemand"...
[   64.883279] cloud-init[1018]: The key fingerprint is:
         Starting LSB: automatic crash report generation...
         Starting LSB: VirtualBox Linux Additions...
         Starting LSB: daemon to balance interrupts for SMP systems...
         Starting Permit User Sessions...
[   64.931407] cloud-init[1018]: SHA256:4X1Qbtq9cKOJFtdTHqiQCvrVtf6rOUtYSF9ovOr2Q70 root@ubuntu-xenial
[   65.021240] cloud-init[1018]: The key's randomart image is:
[[0;32m  OK  [0m] Started Permit User Sessions.
[[0;32m  OK  [0m] Started LSB: Set the CPU Frequency Scaling governor to "ondemand".
[   65.030969] cloud-init[1018]: +---[DSA 1024]----+
[   65.108826] cloud-init[1018]: |            .    |
[   65.134648] cloud-init[1018]: |          oo. .  |
         Starting Hold until boot process finishes up...
         Starting Terminate Plymouth Boot Screen...
[   65.171433] cloud-init[1018]: |     .  .+.=oo ..|
[[0;32m  OK  [0m] Started Hold until boot process finishes up.
[[0;32m  OK  [0m] Started LSB: automatic crash report generation.
[[0;32m  OK  [0m] Started LSB: daemon to balance interrupts for SMP systems.
[[0;32m  OK  [0m] Started Terminate Plymouth Boot Screen.
[   65.240703] cloud-init[1018]: |    . ..+o*==o o.|
[[0;32m  OK  [0m] Started Serial Getty on ttyS0.
[   65.442241] cloud-init[1018]: |   .   oSo+** * .|
         Starting Set console scheme...
[[0;32m  OK  [0m] Started Getty on tty1.
[[0;32m  OK  [0m] Reached target Login Prompts.
[[0;32m  OK  [0m] Started LSB: VirtualBox Linux Additions.
[[0;32m  OK  [0m] Started Set console scheme.
[   65.503606] cloud-init[1018]: |    . .   =* * + |
[   65.563350] cloud-init[1018]: |     .   o+oo o  |
[   65.577358] cloud-init[1018]: |        .o.ooE   |
[   65.605722] cloud-init[1018]: |        ...==o.  |
[   65.616510] cloud-init[1018]: +----[SHA256]-----+
[   65.650335] cloud-init[1018]: Generating public/private ecdsa key pair.
[   65.668899] cloud-init[1018]: Your identification has been saved in /etc/ssh/ssh_host_ecdsa_key.
[   65.713587] cloud-init[1018]: Your public key has been saved in /etc/ssh/ssh_host_ecdsa_key.pub.
[   65.736958] cloud-init[1018]: The key fingerprint is:
[   65.760971] cloud-init[1018]: SHA256:66YUq6xBZ25ETIRKx0PHU9uhdgf1EIUjrVpmzuAfIic root@ubuntu-xenial
[   65.788632] cloud-init[1018]: The key's randomart image is:
[   65.885781] cloud-init[1018]: +---[ECDSA 256]---+
[   65.932208] cloud-init[1018]: |  o++... oo++.   |
[   65.974341] cloud-init[1018]: | ..*.o  +.o+o    |
[   66.003011] cloud-init[1018]: |... + .+ oo...   |
[   66.028227] cloud-init[1018]: |.  .  ...=.      |
[   66.032163] cloud-init[1018]: |  . + o S        |
[   66.042752] cloud-init[1018]: | . = E B =       |
[   66.052720] cloud-init[1018]: |  . o * + .      |
[   66.073243] cloud-init[1018]: |   + o ...       |
[   66.109986] cloud-init[1018]: |  ..o .o.        |
[   66.113596] cloud-init[1018]: +----[SHA256]-----+
[   66.123926] cloud-init[1018]: Generating public/private ed25519 key pair.
[   66.200501] cloud-init[1018]: Your identification has been saved in /etc/ssh/ssh_host_ed25519_key.
[   66.305000] cloud-init[1018]: Your public key has been saved in /etc/ssh/ssh_host_ed25519_key.pub.
[   66.314360] cloud-init[1018]: The key fingerprint is:
[   66.316732] cloud-init[1018]: SHA256:QJ2vYKSispit1c8N402yUEcvbVi5EtyHrCDokmWSiPA root@ubuntu-xenial
[   66.327962] cloud-init[1018]: The key's randomart image is:
[   66.333671] cloud-init[1018]: +--[ED25519 256]--+
[   66.348506] cloud-init[1018]: |.     .. .       |
[   66.355902] cloud-init[1018]: |+o . ...oo o     |
[   66.372489] cloud-init[1018]: |= E .oo +.* .    |
[   66.397246] cloud-init[1018]: | *. ..o+ B.o     |
[   66.437316] cloud-init[1018]: |o... ...S.=      |
[   66.448802] cloud-init[1018]: |o. . . ..+       |
[   66.461055] cloud-init[1018]: |o+. o + .        |
[   66.470783] cloud-init[1018]: |+..  = O         |
[   66.489820] cloud-init[1018]: |..    = o        |
[   66.556487] cloud-init[1018]: +----[SHA256]-----+
[   66.584419] cloud-init[1131]: Generating locales (this might take a while)...
[   68.257802] cloud-init[1131]:   en_US.UTF-8... done
[   68.278068] cloud-init[1131]: Generation complete.
[[0;32m  OK  [0m] Stopped OpenBSD Secure Shell server.
         Starting OpenBSD Secure Shell server...
[[0;32m  OK  [0m] Started OpenBSD Secure Shell server.
[[0;32m  OK  [0m] Created slice User Slice of ubuntu.
         Starting User Manager for UID 1000...
[[0;32m  OK  [0m] Started Session 1 of user ubuntu.
[[0;32m  OK  [0m] Started User Manager for UID 1000.
[   69.413371] cloud-init[1131]: Cloud-init v. 0.7.8 running 'modules:config' at Wed, 09 Nov 2016 14:41:39 +0000. Up 65.45 seconds.
[[0;32m  OK  [0m] Started Apply the settings specified in cloud-config.

Ubuntu 16.04.1 LTS ubuntu-xenial ttyS0

ubuntu-xenial login: ci-info: +++++Authorized keys from /home/ubuntu/.ssh/authorized_keys for user ubuntu++++++
ci-info: +---------+-------------------------------------------------+---------+---------+
ci-info: | Keytype |                Fingerprint (md5)                | Options | Comment |
ci-info: +---------+-------------------------------------------------+---------+---------+
ci-info: | ssh-rsa | 8d:ea:6c:7f:65:3f:07:14:8c:65:84:15:3b:6c:f6:f3 |    -    | vagrant |
ci-info: +---------+-------------------------------------------------+---------+---------+
<14>Nov  9 14:41:47 ec2: 
<14>Nov  9 14:41:47 ec2: #############################################################
<14>Nov  9 14:41:47 ec2: -----BEGIN SSH HOST KEY FINGERPRINTS-----
<14>Nov  9 14:41:47 ec2: 1024 SHA256:4X1Qbtq9cKOJFtdTHqiQCvrVtf6rOUtYSF9ovOr2Q70 root@ubuntu-xenial (DSA)
<14>Nov  9 14:41:47 ec2: 256 SHA256:66YUq6xBZ25ETIRKx0PHU9uhdgf1EIUjrVpmzuAfIic root@ubuntu-xenial (ECDSA)
<14>Nov  9 14:41:47 ec2: 256 SHA256:QJ2vYKSispit1c8N402yUEcvbVi5EtyHrCDokmWSiPA root@ubuntu-xenial (ED25519)
<14>Nov  9 14:41:47 ec2: 2048 SHA256:2DOoTq4R8OOhHOefr7I1nBgcR+E+qHdw7EsxT9K+7QE root@ubuntu-xenial (RSA)
<14>Nov  9 14:41:47 ec2: -----END SSH HOST KEY FINGERPRINTS-----
<14>Nov  9 14:41:47 ec2: #############################################################
-----BEGIN SSH HOST KEY KEYS-----
ecdsa-sha2-nistp256 AAAAE2VjZHNhLXNoYTItbmlzdHAyNTYAAAAIbmlzdHAyNTYAAABBBNl5CwXFQRjIRiwa5nQGAcopr79nBHKSSGqSf9MSgTJrOQwjDKrucAe9Jg9RX03b2iX9DB9Q8mQ6VCqNtypw8Y8= root@ubuntu-xenial
ssh-ed25519 AAAAC3NzaC1lZDI1NTE5AAAAIEevyrtIsBMEHpN5mK3M9AoWWhBt2KW5MWOIRu7URqMr root@ubuntu-xenial
ssh-rsa AAAAB3NzaC1yc2EAAAADAQABAAABAQDTvG2Mw54UaSNlOQ/T45ttk7ZtDHBpZZ1Fbs0eBrdyD2xlFpsVsavqAONFeOr/Mv99KK1CIOqeidfjhmLtIg7Tq9+9D6fZ0Ub/l+VZPtX/g0I0ydMo0Cji2fpdAq2pHsLC7TGO+sv1r9HkQb3YigkUgMrTkH3Abyu2AEsEFPHXrye17A4jW02MVuTEk5IPhuPnR7iULRUsFRf+G80oaFTYCA+G7kbAB+S0eIBAepRA/+GHariO5xIA4yeIlIjo9S7T82veHJTRqcVSz/GYP24+ZXIGN0IxszyW/qq2WDbXjge1cHvjRp+p88bu4oMtCkHiUbd5ACm6bZ7rCSsodY6l root@ubuntu-xenial
-----END SSH HOST KEY KEYS-----
[   74.030293] cloud-init[1669]: Cloud-init v. 0.7.8 running 'modules:final' at Wed, 09 Nov 2016 14:41:47 +0000. Up 73.84 seconds.
[   74.030455] cloud-init[1669]: Cloud-init v. 0.7.8 finished at Wed, 09 Nov 2016 14:41:47 +0000. Datasource DataSourceNoCloud [seed=/dev/sdb][dsmode=net].  Up 74.01 seconds
